<?xml version="1.0" encoding="UTF-8"?>
<!-- Generated by org.testng.reporters.JUnitReportReporter -->
<testsuite hostname="DESKTOP-MUEUS88" failures="0" tests="1" name="BankingProject.LoanDepartmnent.LoginTest" time="4.125" errors="0" timestamp="06 Jul 2023 05:10:49 GMT" skipped="0">
  <testcase classname="BankingProject.LoanDepartmnent.LoginTest" name="ValidLogin" time="4.125"/>
</testsuite> <!-- BankingProject.LoanDepartmnent.LoginTest -->
