<?xml version="1.0" encoding="UTF-8"?>
<!-- Generated by org.testng.reporters.JUnitReportReporter -->
<testsuite hostname="DESKTOP-MUEUS88" failures="0" tests="1" name="BankingProject.LoanDepartmnent.HomeLoan" time="0.021" errors="0" timestamp="23 Jun 2023 04:58:05 GMT" skipped="0">
  <testcase classname="BankingProject.LoanDepartmnent.HomeLoan" name="HomeLoanwithAPP" time="0.021"/>
</testsuite> <!-- BankingProject.LoanDepartmnent.HomeLoan -->
