<?xml version="1.0" encoding="UTF-8"?>
<!-- Generated by org.testng.reporters.JUnitReportReporter -->
<testsuite hostname="DESKTOP-MUEUS88" failures="0" tests="3" name="BankingProject.LoanDepartmnent.CarLoan" time="1.036" errors="0" timestamp="05 Jul 2023 05:21:07 GMT" skipped="0">
  <testcase classname="BankingProject.LoanDepartmnent.CarLoan" name="CarLoanwithBranch" time="1.016"/>
  <testcase classname="BankingProject.LoanDepartmnent.CarLoan" name="CarLoanwithWeb" time="0.002"/>
  <testcase classname="BankingProject.LoanDepartmnent.CarLoan" name="CarLoanwithAPP" time="0.018"/>
</testsuite> <!-- BankingProject.LoanDepartmnent.CarLoan -->
