<?xml version="1.0" encoding="UTF-8"?>
<!-- Generated by org.testng.reporters.JUnitReportReporter -->
<testsuite skipped="0" hostname="DESKTOP-MUEUS88" name="BankingProject.LoanDepartmnent.HomeLoan" tests="1" failures="0" timestamp="29 Jun 2023 04:02:35 GMT" time="0.014" errors="0">
  <testcase name="HomeLoanwithWeb" time="0.014" classname="BankingProject.LoanDepartmnent.HomeLoan"/>
</testsuite> <!-- BankingProject.LoanDepartmnent.HomeLoan -->
