<?xml version="1.0" encoding="UTF-8"?>
<!-- Generated by org.testng.reporters.JUnitReportReporter -->
<testsuite skipped="0" hostname="DESKTOP-MUEUS88" name="BankingProject.LoanDepartmnent.HomeLoan" tests="3" failures="0" timestamp="23 Jun 2023 04:59:21 GMT" time="0.011" errors="0">
  <testcase name="HomeLoanwithBranch" time="0.000" classname="BankingProject.LoanDepartmnent.HomeLoan"/>
  <testcase name="HomeLoanwithWeb" time="0.000" classname="BankingProject.LoanDepartmnent.HomeLoan"/>
  <testcase name="HomeLoanwithAPP" time="0.011" classname="BankingProject.LoanDepartmnent.HomeLoan"/>
</testsuite> <!-- BankingProject.LoanDepartmnent.HomeLoan -->
