<?xml version="1.0" encoding="UTF-8"?>
<!-- Generated by org.testng.reporters.JUnitReportReporter -->
<testsuite skipped="0" hostname="DESKTOP-MUEUS88" name="BankingProject.LoanDepartmnent.CarLoan" tests="2" failures="0" timestamp="29 Jun 2023 04:02:35 GMT" time="0.000" errors="0">
  <testcase name="CarLoanwithAPP" time="0.000" classname="BankingProject.LoanDepartmnent.CarLoan"/>
  <testcase name="CarLoanwithBranch" time="0.000" classname="BankingProject.LoanDepartmnent.CarLoan"/>
</testsuite> <!-- BankingProject.LoanDepartmnent.CarLoan -->
